0 info it worked if it ends with ok
1 verbose cli [ '/usr/local/bin/node',
1 verbose cli   '/usr/local/bin/npm',
1 verbose cli   'version',
1 verbose cli   'minor' ]
2 info using npm@2.5.1
3 info using node@v0.12.0
4 info git [ 'status', '--porcelain' ]
5 verbose stack Error: Git working directory not clean.
5 verbose stack D  express-route.js
5 verbose stack M index.js
5 verbose stack     at /usr/local/lib/node_modules/npm/lib/version.js:138:37
5 verbose stack     at ChildProcess.exithandler (child_process.js:735:7)
5 verbose stack     at ChildProcess.emit (events.js:110:17)
5 verbose stack     at maybeClose (child_process.js:1008:16)
5 verbose stack     at Socket.<anonymous> (child_process.js:1176:11)
5 verbose stack     at Socket.emit (events.js:107:17)
5 verbose stack     at Pipe.close (net.js:476:12)
6 verbose cwd /home/sel/Documents/industria/motim/motim/node_modules/dobj
7 error Linux 3.14.4-sel-office
8 error argv "/usr/local/bin/node" "/usr/local/bin/npm" "version" "minor"
9 error node v0.12.0
10 error npm  v2.5.1
11 error Git working directory not clean.
11 error D  express-route.js
11 error M index.js
12 error If you need help, you may report this error at:
12 error     <http://github.com/npm/npm/issues>
13 verbose exit [ 1, true ]
